<?xml version="1.0" encoding="UTF-8"?>
<!-- Generated by org.testng.reporters.JUnitReportReporter -->
<testsuite hostname="EC2AMAZ-V8JU5CO" failures="0" tests="1" name="com.pcc.app.Application" time="1.307" errors="0" timestamp="2023-03-10T11:58:38 UTC" skipped="0">
  <testcase classname="com.pcc.app.Application" name="Import_File" time="1.307"/>
  <system-out/>
</testsuite> <!-- com.pcc.app.Application -->
