<?xml version="1.0" encoding="UTF-8"?>
<!-- Generated by org.testng.reporters.JUnitReportReporter -->
<testsuite hostname="EC2AMAZ-V8JU5CO" failures="0" tests="1" name="com.pcc.app.Application" time="75.301" errors="0" timestamp="2023-02-23T13:46:36 UTC" skipped="0">
  <testcase classname="com.pcc.app.Application" name="Import_File" time="75.301"/>
  <system-out/>
</testsuite> <!-- com.pcc.app.Application -->
