<?xml version="1.0" encoding="UTF-8"?>
<!-- Generated by org.testng.reporters.JUnitReportReporter -->
<testsuite hostname="EC2AMAZ-V8JU5CO" failures="0" tests="1" name="com.pcc.app.Application" time="56.571" errors="0" timestamp="2023-01-19T10:06:44 UTC" skipped="0">
  <testcase classname="com.pcc.app.Application" name="DryRun" time="56.571"/>
  <system-out/>
</testsuite> <!-- com.pcc.app.Application -->
