<?xml version="1.0" encoding="UTF-8"?>
<!-- Generated by org.testng.reporters.JUnitReportReporter -->
<testsuite hostname="EC2AMAZ-V8JU5CO" failures="0" tests="1" name="com.pcc.app.Application" time="31.485" errors="0" timestamp="2023-01-20T12:27:10 UTC" skipped="0">
  <testcase classname="com.pcc.app.Application" name="Import_File" time="31.485"/>
  <system-out/>
</testsuite> <!-- com.pcc.app.Application -->
