<?xml version="1.0" encoding="UTF-8"?>
<!-- Generated by org.testng.reporters.JUnitReportReporter -->
<testsuite hostname="EC2AMAZ-TP0K6LF" failures="0" tests="1" name="com.pcc.app.Application" time="18.096" errors="0" timestamp="2023-03-20T14:15:53 UTC" skipped="0">
  <testcase classname="com.pcc.app.Application" name="Import_File" time="18.096"/>
  <system-out/>
</testsuite> <!-- com.pcc.app.Application -->
